18:20:29,907 [INFO] [CatalystSelenium.BaseClasses.InitializeWebDriver] [GetPhantomJsDrvierService] - Using PhantomJSDriverService
18:20:32,204 [INFO] [CatalystSelenium.BaseClasses.InitializeWebDriver] [InitWebdriver] -  Browser : PhantomJs
18:20:32,219 [INFO] [CatalystSelenium.ComponentHelper.GenericHelper] [WindowMaximize] -  Browser Window Maximize 
18:20:36,358 [INFO] [CatalystSelenium.ComponentHelper.GenericHelper] [IsElementPresentQuick] -  Checking for Element Quick By.Id: overridelink
18:20:38,418 [INFO] [CatalystSelenium.ComponentHelper.GenericHelper] [IsElementPresentQuick] -  Checking for Element Quick By.XPath: //div[@id='bergerModal']/following-sibling::div[position()=1]/descendant::span[position()=2]
18:20:40,485 [INFO] [CatalystSelenium.ComponentHelper.GenericHelper] [GetWebDriverWait] -  Wait Object Created 
18:20:40,486 [INFO] [CatalystSelenium.ComponentHelper.GenericHelper] [IsElementPresent] -  Waiting for Element By.XPath: //div[@class='loginWrapper']
18:20:47,889 [INFO] [CatalystSelenium.ComponentHelper.GenericHelper] [GetWebDriverWait] -  Wait Object Created 
18:20:47,908 [INFO] [CatalystSelenium.ComponentHelper.GenericHelper] [WaitForElement] -  Waiting for Element Exist By.CssSelector: .homeProgramsNav
18:20:47,954 [INFO] [CatalystSelenium.ComponentHelper.GenericHelper] [GetWebDriverWait] -  Wait Object Created 
18:20:47,955 [INFO] [CatalystSelenium.ComponentHelper.GenericHelper] [IsElementPresent] -  Waiting for Element By.CssSelector: .homeProgramsNav
18:20:48,002 [INFO] [CatalystSelenium.BaseClasses.LoginBaseClass.LoginBase] [.ctor] - Test Execution Started
18:20:48,107 [INFO] [CatalystSelenium.ComponentHelper.GenericHelper] [GetWebDriverWait] -  Wait Object Created 
18:20:48,121 [INFO] [CatalystSelenium.ComponentHelper.GenericHelper] [WaitForElement] -  Waiting for Element to be Clickable OpenQA.Selenium.Remote.RemoteWebElement
18:20:51,302 [INFO] [CatalystSelenium.ComponentHelper.GenericHelper] [WaitForLoadingMask] -  Setting the  Implicitly Wait to 1 Second 
18:20:51,303 [INFO] [CatalystSelenium.ComponentHelper.GenericHelper] [GetWebDriverWait] -  Wait Object Created 
18:20:51,303 [INFO] [CatalystSelenium.ComponentHelper.GenericHelper] [WaitForLoadingMask] -  Waiting for Loading Mask 
18:20:52,195 [INFO] [CatalystSelenium.ComponentHelper.GenericHelper] [WaitForLoadingMask] -  Setting the  Implicitly Wait to Configured Value 
18:20:52,195 [INFO] [CatalystSelenium.ComponentHelper.GenericHelper] [GetWebDriverWait] -  Wait Object Created 
18:20:52,195 [INFO] [CatalystSelenium.ComponentHelper.GenericHelper] [WaitForElement] -  Waiting for Element Exist By.Id: titleDiv
18:20:52,220 [INFO] [CatalystSelenium.ComponentHelper.GenericHelper] [GetWebDriverWait] -  Wait Object Created 
18:20:52,221 [INFO] [CatalystSelenium.ComponentHelper.GenericHelper] [IsElementPresent] -  Waiting for Element By.Name: FileSelect
18:20:52,398 [INFO] [CatalystSelenium.ComponentHelper.DropDownHelper] [SelectByVisibleText] - PointAdjustment Selected from By.Name: FileSelect
18:20:52,401 [INFO] [CatalystSelenium.ComponentHelper.GenericHelper] [WaitForLoadingMask] -  Setting the  Implicitly Wait to 1 Second 
18:20:52,402 [INFO] [CatalystSelenium.ComponentHelper.GenericHelper] [GetWebDriverWait] -  Wait Object Created 
18:20:52,402 [INFO] [CatalystSelenium.ComponentHelper.GenericHelper] [WaitForLoadingMask] -  Waiting for Loading Mask 
18:20:52,629 [INFO] [CatalystSelenium.ComponentHelper.GenericHelper] [WaitForLoadingMask] -  Setting the  Implicitly Wait to Configured Value 
18:20:52,629 [INFO] [CatalystSelenium.ComponentHelper.GenericHelper] [GetWebDriverWait] -  Wait Object Created 
18:20:52,630 [INFO] [CatalystSelenium.ComponentHelper.GenericHelper] [IsElementPresent] -  Waiting for Element By.Name: SelectPointTypes
18:20:54,718 [ERROR] [CatalystSelenium.ExtensionClass.LoggerExtClass.LoggerExtensionClass] [LogException] -  Message Cannot locate element with text: test
18:20:54,720 [ERROR] [CatalystSelenium.ExtensionClass.LoggerExtClass.LoggerExtensionClass] [LogException] -  StackTrace    at OpenQA.Selenium.Support.UI.SelectElement.SelectByText(String text)
   at CatalystSelenium.ComponentHelper.DropDownHelper.SelectByVisibleText(By locator, String text) in c:\Users\rsr\Documents\GitHub\CatalystSeleniumTest\CatalystSeleniumTest\ComponentHelper\DropDownHelper.cs:line 31
   at CatalystSelenium.PageObject.FileUploads.FileLoader.TakeSelectPointAdjustmentFileScrShot(String name) in c:\Users\rsr\Documents\GitHub\CatalystSeleniumTest\CatalystSeleniumTest\PageObject\FileUploads\FileLoader.cs:line 114
   at CatalystSelenium.TestCases.CheckScreens.Module.FileManagement.FileManagement.PointAdjustmentFileLoader() in c:\Users\rsr\Documents\GitHub\CatalystSeleniumTest\CatalystSeleniumTest\TestCases\CheckScreens\Module\FileManagement\FileLoader.cs:line 78
18:20:54,720 [ERROR] [CatalystSelenium.ExtensionClass.LoggerExtClass.LoggerExtensionClass] [LogException] -  InnerException 
18:20:54,987 [INFO] [CatalystSelenium.ComponentHelper.GenericHelper] [TakeSceenShot] -  Screen Shot Taken Screenshot16-Jun-16-20.jpeg
18:20:55,245 [INFO] [CatalystSelenium.BaseClasses.InitializeWebDriver] [TearDown] - Stopping the Webdriver
18:22:27,517 [INFO] [CatalystSelenium.BaseClasses.InitializeWebDriver] [GetChromeOptions] - Using ChromeOptions
18:22:29,825 [INFO] [CatalystSelenium.BaseClasses.InitializeWebDriver] [InitWebdriver] -  Browser : Chrome
18:22:30,108 [INFO] [CatalystSelenium.ComponentHelper.GenericHelper] [WindowMaximize] -  Browser Window Maximize 
18:22:34,269 [INFO] [CatalystSelenium.ComponentHelper.GenericHelper] [IsElementPresentQuick] -  Checking for Element Quick By.Id: overridelink
18:22:36,305 [INFO] [CatalystSelenium.ComponentHelper.GenericHelper] [IsElementPresentQuick] -  Checking for Element Quick By.XPath: //div[@id='bergerModal']/following-sibling::div[position()=1]/descendant::span[position()=2]
18:22:38,348 [INFO] [CatalystSelenium.ComponentHelper.GenericHelper] [GetWebDriverWait] -  Wait Object Created 
18:22:38,348 [INFO] [CatalystSelenium.ComponentHelper.GenericHelper] [IsElementPresent] -  Waiting for Element By.XPath: //div[@class='loginWrapper']
18:22:45,657 [INFO] [CatalystSelenium.ComponentHelper.GenericHelper] [GetWebDriverWait] -  Wait Object Created 
18:22:45,659 [INFO] [CatalystSelenium.ComponentHelper.GenericHelper] [WaitForElement] -  Waiting for Element Exist By.CssSelector: .homeProgramsNav
18:22:45,700 [INFO] [CatalystSelenium.ComponentHelper.GenericHelper] [GetWebDriverWait] -  Wait Object Created 
18:22:45,701 [INFO] [CatalystSelenium.ComponentHelper.GenericHelper] [IsElementPresent] -  Waiting for Element By.CssSelector: .homeProgramsNav
18:22:45,752 [INFO] [CatalystSelenium.BaseClasses.LoginBaseClass.LoginBase] [.ctor] - Test Execution Started
18:22:45,827 [INFO] [CatalystSelenium.ComponentHelper.GenericHelper] [GetWebDriverWait] -  Wait Object Created 
18:22:45,859 [INFO] [CatalystSelenium.ComponentHelper.GenericHelper] [WaitForElement] -  Waiting for Element to be Clickable OpenQA.Selenium.Remote.RemoteWebElement
18:22:49,512 [INFO] [CatalystSelenium.ComponentHelper.GenericHelper] [WaitForLoadingMask] -  Setting the  Implicitly Wait to 1 Second 
18:22:49,513 [INFO] [CatalystSelenium.ComponentHelper.GenericHelper] [GetWebDriverWait] -  Wait Object Created 
18:22:49,513 [INFO] [CatalystSelenium.ComponentHelper.GenericHelper] [WaitForLoadingMask] -  Waiting for Loading Mask 
18:22:51,307 [INFO] [CatalystSelenium.ComponentHelper.GenericHelper] [WaitForLoadingMask] -  Setting the  Implicitly Wait to Configured Value 
18:22:51,308 [INFO] [CatalystSelenium.ComponentHelper.GenericHelper] [GetWebDriverWait] -  Wait Object Created 
18:22:51,308 [INFO] [CatalystSelenium.ComponentHelper.GenericHelper] [WaitForElement] -  Waiting for Element Exist By.Id: titleDiv
18:29:52,248 [INFO] [CatalystSelenium.ComponentHelper.GenericHelper] [GetWebDriverWait] -  Wait Object Created 
18:29:52,250 [INFO] [CatalystSelenium.ComponentHelper.GenericHelper] [IsElementPresent] -  Waiting for Element By.Name: FileSelect
18:29:53,599 [INFO] [CatalystSelenium.ComponentHelper.DropDownHelper] [SelectByVisibleText] - PointAdjustment Selected from By.Name: FileSelect
18:29:53,603 [INFO] [CatalystSelenium.ComponentHelper.GenericHelper] [WaitForLoadingMask] -  Setting the  Implicitly Wait to 1 Second 
18:29:53,604 [INFO] [CatalystSelenium.ComponentHelper.GenericHelper] [GetWebDriverWait] -  Wait Object Created 
18:29:53,604 [INFO] [CatalystSelenium.ComponentHelper.GenericHelper] [WaitForLoadingMask] -  Waiting for Loading Mask 
18:29:54,520 [INFO] [CatalystSelenium.ComponentHelper.GenericHelper] [WaitForLoadingMask] -  Setting the  Implicitly Wait to Configured Value 
18:30:30,260 [INFO] [CatalystSelenium.ComponentHelper.GenericHelper] [GetWebDriverWait] -  Wait Object Created 
18:30:30,280 [INFO] [CatalystSelenium.ComponentHelper.GenericHelper] [IsElementPresent] -  Waiting for Element By.Name: SelectPointTypes
18:30:33,168 [ERROR] [CatalystSelenium.ExtensionClass.LoggerExtClass.LoggerExtensionClass] [LogException] -  Message Cannot locate element with text: test
18:30:33,170 [ERROR] [CatalystSelenium.ExtensionClass.LoggerExtClass.LoggerExtensionClass] [LogException] -  StackTrace    at OpenQA.Selenium.Support.UI.SelectElement.SelectByText(String text)
   at CatalystSelenium.ComponentHelper.DropDownHelper.SelectByVisibleText(By locator, String text) in c:\Users\rsr\Documents\GitHub\CatalystSeleniumTest\CatalystSeleniumTest\ComponentHelper\DropDownHelper.cs:line 31
   at CatalystSelenium.PageObject.FileUploads.FileLoader.TakeSelectPointAdjustmentFileScrShot(String name) in c:\Users\rsr\Documents\GitHub\CatalystSeleniumTest\CatalystSeleniumTest\PageObject\FileUploads\FileLoader.cs:line 114
   at CatalystSelenium.TestCases.CheckScreens.Module.FileManagement.FileManagement.PointAdjustmentFileLoader() in c:\Users\rsr\Documents\GitHub\CatalystSeleniumTest\CatalystSeleniumTest\TestCases\CheckScreens\Module\FileManagement\FileLoader.cs:line 78
18:30:33,170 [ERROR] [CatalystSelenium.ExtensionClass.LoggerExtClass.LoggerExtensionClass] [LogException] -  InnerException 
18:30:33,494 [INFO] [CatalystSelenium.ComponentHelper.GenericHelper] [TakeSceenShot] -  Screen Shot Taken Screenshot16-Jun-16-30.jpeg
18:30:35,122 [INFO] [CatalystSelenium.BaseClasses.InitializeWebDriver] [TearDown] - Stopping the Webdriver
18:30:59,424 [INFO] [CatalystSelenium.BaseClasses.InitializeWebDriver] [GetChromeOptions] - Using ChromeOptions
18:31:01,838 [INFO] [CatalystSelenium.BaseClasses.InitializeWebDriver] [InitWebdriver] -  Browser : Chrome
18:31:02,159 [INFO] [CatalystSelenium.ComponentHelper.GenericHelper] [WindowMaximize] -  Browser Window Maximize 
18:31:06,141 [INFO] [CatalystSelenium.ComponentHelper.GenericHelper] [IsElementPresentQuick] -  Checking for Element Quick By.Id: overridelink
18:31:08,210 [INFO] [CatalystSelenium.ComponentHelper.GenericHelper] [IsElementPresentQuick] -  Checking for Element Quick By.XPath: //div[@id='bergerModal']/following-sibling::div[position()=1]/descendant::span[position()=2]
18:31:10,265 [INFO] [CatalystSelenium.ComponentHelper.GenericHelper] [GetWebDriverWait] -  Wait Object Created 
18:31:10,265 [INFO] [CatalystSelenium.ComponentHelper.GenericHelper] [IsElementPresent] -  Waiting for Element By.XPath: //div[@class='loginWrapper']
18:31:17,656 [INFO] [CatalystSelenium.ComponentHelper.GenericHelper] [GetWebDriverWait] -  Wait Object Created 
18:31:17,657 [INFO] [CatalystSelenium.ComponentHelper.GenericHelper] [WaitForElement] -  Waiting for Element Exist By.CssSelector: .homeProgramsNav
18:31:17,731 [INFO] [CatalystSelenium.ComponentHelper.GenericHelper] [GetWebDriverWait] -  Wait Object Created 
18:31:17,732 [INFO] [CatalystSelenium.ComponentHelper.GenericHelper] [IsElementPresent] -  Waiting for Element By.CssSelector: .homeProgramsNav
18:31:17,756 [INFO] [CatalystSelenium.BaseClasses.LoginBaseClass.LoginBase] [.ctor] - Test Execution Started
18:31:17,825 [INFO] [CatalystSelenium.ComponentHelper.GenericHelper] [GetWebDriverWait] -  Wait Object Created 
18:31:17,855 [INFO] [CatalystSelenium.ComponentHelper.GenericHelper] [WaitForElement] -  Waiting for Element to be Clickable OpenQA.Selenium.Remote.RemoteWebElement
18:31:22,110 [INFO] [CatalystSelenium.ComponentHelper.GenericHelper] [WaitForLoadingMask] -  Setting the  Implicitly Wait to 1 Second 
18:31:22,111 [INFO] [CatalystSelenium.ComponentHelper.GenericHelper] [GetWebDriverWait] -  Wait Object Created 
18:31:22,111 [INFO] [CatalystSelenium.ComponentHelper.GenericHelper] [WaitForLoadingMask] -  Waiting for Loading Mask 
18:31:23,812 [INFO] [CatalystSelenium.ComponentHelper.GenericHelper] [WaitForLoadingMask] -  Setting the  Implicitly Wait to Configured Value 
18:31:23,813 [INFO] [CatalystSelenium.ComponentHelper.GenericHelper] [GetWebDriverWait] -  Wait Object Created 
18:31:23,813 [INFO] [CatalystSelenium.ComponentHelper.GenericHelper] [WaitForElement] -  Waiting for Element Exist By.Id: titleDiv
18:31:27,989 [INFO] [CatalystSelenium.ComponentHelper.GenericHelper] [GetWebDriverWait] -  Wait Object Created 
18:31:27,990 [INFO] [CatalystSelenium.ComponentHelper.GenericHelper] [IsElementPresent] -  Waiting for Element By.Name: FileSelect
18:31:28,194 [INFO] [CatalystSelenium.ComponentHelper.DropDownHelper] [SelectByVisibleText] - PointAdjustment Selected from By.Name: FileSelect
18:31:28,197 [INFO] [CatalystSelenium.ComponentHelper.GenericHelper] [WaitForLoadingMask] -  Setting the  Implicitly Wait to 1 Second 
18:31:28,197 [INFO] [CatalystSelenium.ComponentHelper.GenericHelper] [GetWebDriverWait] -  Wait Object Created 
18:31:28,197 [INFO] [CatalystSelenium.ComponentHelper.GenericHelper] [WaitForLoadingMask] -  Waiting for Loading Mask 
18:31:28,445 [INFO] [CatalystSelenium.ComponentHelper.GenericHelper] [WaitForLoadingMask] -  Setting the  Implicitly Wait to Configured Value 
18:31:30,518 [INFO] [CatalystSelenium.ComponentHelper.GenericHelper] [GetWebDriverWait] -  Wait Object Created 
18:31:30,519 [INFO] [CatalystSelenium.ComponentHelper.GenericHelper] [IsElementPresent] -  Waiting for Element By.Name: SelectPointTypes
18:31:30,716 [INFO] [CatalystSelenium.ComponentHelper.DropDownHelper] [SelectByVisibleText] - Visa Selected from By.Name: SelectPointTypes
18:31:32,695 [INFO] [CatalystSelenium.ComponentHelper.GenericHelper] [WaitForLoadingMask] -  Setting the  Implicitly Wait to 1 Second 
18:31:32,695 [INFO] [CatalystSelenium.ComponentHelper.GenericHelper] [GetWebDriverWait] -  Wait Object Created 
18:31:32,696 [INFO] [CatalystSelenium.ComponentHelper.GenericHelper] [WaitForLoadingMask] -  Waiting for Loading Mask 
18:31:32,720 [INFO] [CatalystSelenium.ComponentHelper.GenericHelper] [WaitForLoadingMask] -  Setting the  Implicitly Wait to Configured Value 
18:32:28,631 [INFO] [CatalystSelenium.ComponentHelper.GenericHelper] [TakeSceenShot] -  Screen Shot Taken StagePointAdjustmentFiletype-10-31-27.jpeg
18:32:32,180 [INFO] [CatalystSelenium.ComponentHelper.GenericHelper] [IsElementPresentQuick] -  Checking for Element Quick By.XPath: //div[@id='bergerModal']/following-sibling::div[position()=1]/descendant::span[position()=2]
18:32:32,199 [INFO] [CatalystSelenium.ComponentHelper.GenericHelper] [GetWebDriverWait] -  Wait Object Created 
18:32:32,199 [INFO] [CatalystSelenium.ComponentHelper.GenericHelper] [IsElementPresent] -  Waiting for Element By.XPath: //div[@id='bergerModal']/following-sibling::div[position()=1]/descendant::span[position()=2]
18:32:32,233 [INFO] [CatalystSelenium.ComponentHelper.GenericHelper] [GetWebDriverWait] -  Wait Object Created 
18:32:32,233 [INFO] [CatalystSelenium.ComponentHelper.GenericHelper] [WaitForElementClickAble] -  Waiting for Element to be Clickable OpenQA.Selenium.Remote.RemoteWebElement
18:32:32,768 [INFO] [CatalystSelenium.ComponentHelper.JavaScriptExecutorHelper] [ExecuteScript] -  Executing Script window.scrollTo(0,70);
18:32:32,845 [INFO] [CatalystSelenium.ComponentHelper.JavaScriptExecutorHelper] [ScrollElementAndClick] -  Scroll Element And Click OpenQA.Selenium.Remote.RemoteWebElement
18:32:32,846 [INFO] [CatalystSelenium.ComponentHelper.GenericHelper] [GetWebDriverWait] -  Wait Object Created 
18:32:32,848 [INFO] [CatalystSelenium.ComponentHelper.GenericHelper] [WaitForElement] -  Waiting for Element Exist By.XPath: //a[contains(text(),'Log Off')]
18:32:33,400 [INFO] [CatalystSelenium.ComponentHelper.JavaScriptExecutorHelper] [ExecuteScript] -  Executing Script window.scrollTo(0,142);
18:32:36,036 [INFO] [CatalystSelenium.ComponentHelper.JavaScriptExecutorHelper] [ScrollElementAndClick] -  Scroll Element And Click OpenQA.Selenium.Remote.RemoteWebElement
18:32:36,066 [ERROR] [CatalystSelenium.ComponentHelper.GenericHelper] [IsAlertPresent] -  [Ignore]    at OpenQA.Selenium.Remote.RemoteWebDriver.UnpackAndThrowOnError(Response errorResponse)
   at OpenQA.Selenium.Remote.RemoteWebDriver.Execute(String driverCommandToExecute, Dictionary`2 parameters)
   at OpenQA.Selenium.Remote.RemoteWebDriver.InternalExecute(String driverCommandToExecute, Dictionary`2 parameters)
   at OpenQA.Selenium.Remote.RemoteTargetLocator.Alert()
   at CatalystSelenium.ComponentHelper.GenericHelper.IsAlertPresent() in c:\Users\rsr\Documents\GitHub\CatalystSeleniumTest\CatalystSeleniumTest\ComponentHelper\GenericHelper.cs:line 187
18:32:36,067 [INFO] [CatalystSelenium.ComponentHelper.GenericHelper] [GetWebDriverWait] -  Wait Object Created 
18:32:36,067 [INFO] [CatalystSelenium.ComponentHelper.GenericHelper] [WaitForElement] -  Waiting for Element Exist By.XPath: //div[@class='loginWrapper']
18:32:36,339 [INFO] [CatalystSelenium.BaseClasses.InitializeWebDriver] [TearDown] - Stopping the Webdriver
18:36:14,090 [INFO] [CatalystSelenium.BaseClasses.InitializeWebDriver] [GetPhantomJsDrvierService] - Using PhantomJSDriverService
18:36:16,446 [INFO] [CatalystSelenium.BaseClasses.InitializeWebDriver] [InitWebdriver] -  Browser : PhantomJs
18:36:16,460 [INFO] [CatalystSelenium.ComponentHelper.GenericHelper] [WindowMaximize] -  Browser Window Maximize 
18:36:20,808 [INFO] [CatalystSelenium.ComponentHelper.GenericHelper] [IsElementPresentQuick] -  Checking for Element Quick By.Id: overridelink
18:36:22,888 [INFO] [CatalystSelenium.ComponentHelper.GenericHelper] [IsElementPresentQuick] -  Checking for Element Quick By.XPath: //div[@id='bergerModal']/following-sibling::div[position()=1]/descendant::span[position()=2]
18:36:24,947 [INFO] [CatalystSelenium.ComponentHelper.GenericHelper] [GetWebDriverWait] -  Wait Object Created 
18:36:24,948 [INFO] [CatalystSelenium.ComponentHelper.GenericHelper] [IsElementPresent] -  Waiting for Element By.XPath: //div[@class='loginWrapper']
18:36:31,487 [INFO] [CatalystSelenium.ComponentHelper.GenericHelper] [GetWebDriverWait] -  Wait Object Created 
18:36:31,488 [INFO] [CatalystSelenium.ComponentHelper.GenericHelper] [WaitForElement] -  Waiting for Element Exist By.CssSelector: .homeProgramsNav
18:36:31,500 [INFO] [CatalystSelenium.ComponentHelper.GenericHelper] [GetWebDriverWait] -  Wait Object Created 
18:36:31,500 [INFO] [CatalystSelenium.ComponentHelper.GenericHelper] [IsElementPresent] -  Waiting for Element By.CssSelector: .homeProgramsNav
18:36:31,513 [INFO] [CatalystSelenium.BaseClasses.LoginBaseClass.LoginBase] [.ctor] - Test Execution Started
18:36:31,570 [INFO] [CatalystSelenium.ComponentHelper.GenericHelper] [GetWebDriverWait] -  Wait Object Created 
18:36:34,209 [ERROR] [CatalystSelenium.ExtensionClass.LoggerExtClass.LoggerExtensionClass] [LogException] -  Message Could not find element by: By.XPath: //div[@id='header4']/descendant::a[text()='File Status']
18:36:34,210 [ERROR] [CatalystSelenium.ExtensionClass.LoggerExtClass.LoggerExtensionClass] [LogException] -  StackTrace    at OpenQA.Selenium.Support.PageObjects.DefaultElementLocator.LocateElement(IEnumerable`1 bys)
   at OpenQA.Selenium.Support.PageObjects.WebElementProxy.get_Element()
   at OpenQA.Selenium.Support.PageObjects.WebElementProxy.Invoke(IMessage msg)
   at System.Runtime.Remoting.Proxies.RealProxy.PrivateInvoke(MessageData& msgData, Int32 type)
   at System.Object.ToString()
   at System.String.Concat(Object arg0, Object arg1)
   at CatalystSelenium.ComponentHelper.GenericHelper.WaitForElement(IWebElement element) in c:\Users\rsr\Documents\GitHub\CatalystSeleniumTest\CatalystSeleniumTest\ComponentHelper\GenericHelper.cs:line 152
   at CatalystSelenium.PageObject.HomePage.VerifyFiles() in c:\Users\rsr\Documents\GitHub\CatalystSeleniumTest\CatalystSeleniumTest\PageObject\HomePage.cs:line 504
   at CatalystSelenium.TestCases.CheckScreens.Module.FileManagement.FileStatus.UserFileLoader() in c:\Users\rsr\Documents\GitHub\CatalystSeleniumTest\CatalystSeleniumTest\TestCases\CheckScreens\Module\FileManagement\FileStatus.cs:line 20
18:36:34,211 [ERROR] [CatalystSelenium.ExtensionClass.LoggerExtClass.LoggerExtensionClass] [LogException] -  InnerException 
18:36:34,715 [INFO] [CatalystSelenium.ComponentHelper.GenericHelper] [TakeSceenShot] -  Screen Shot Taken Screenshot16-Jun-16-36.jpeg
18:36:34,981 [INFO] [CatalystSelenium.BaseClasses.InitializeWebDriver] [TearDown] - Stopping the Webdriver
18:38:12,698 [INFO] [CatalystSelenium.BaseClasses.InitializeWebDriver] [GetChromeOptions] - Using ChromeOptions
18:38:15,573 [INFO] [CatalystSelenium.BaseClasses.InitializeWebDriver] [InitWebdriver] -  Browser : Chrome
18:38:15,878 [INFO] [CatalystSelenium.ComponentHelper.GenericHelper] [WindowMaximize] -  Browser Window Maximize 
18:38:20,163 [INFO] [CatalystSelenium.ComponentHelper.GenericHelper] [IsElementPresentQuick] -  Checking for Element Quick By.Id: overridelink
18:38:22,239 [INFO] [CatalystSelenium.ComponentHelper.GenericHelper] [IsElementPresentQuick] -  Checking for Element Quick By.XPath: //div[@id='bergerModal']/following-sibling::div[position()=1]/descendant::span[position()=2]
18:38:24,270 [INFO] [CatalystSelenium.ComponentHelper.GenericHelper] [GetWebDriverWait] -  Wait Object Created 
18:38:24,271 [INFO] [CatalystSelenium.ComponentHelper.GenericHelper] [IsElementPresent] -  Waiting for Element By.XPath: //div[@class='loginWrapper']
18:38:30,995 [INFO] [CatalystSelenium.ComponentHelper.GenericHelper] [GetWebDriverWait] -  Wait Object Created 
18:38:30,996 [INFO] [CatalystSelenium.ComponentHelper.GenericHelper] [WaitForElement] -  Waiting for Element Exist By.CssSelector: .homeProgramsNav
18:38:31,051 [INFO] [CatalystSelenium.ComponentHelper.GenericHelper] [GetWebDriverWait] -  Wait Object Created 
18:38:31,051 [INFO] [CatalystSelenium.ComponentHelper.GenericHelper] [IsElementPresent] -  Waiting for Element By.CssSelector: .homeProgramsNav
18:38:31,101 [INFO] [CatalystSelenium.BaseClasses.LoginBaseClass.LoginBase] [.ctor] - Test Execution Started
18:38:49,369 [INFO] [CatalystSelenium.ComponentHelper.GenericHelper] [GetWebDriverWait] -  Wait Object Created 
18:39:23,283 [ERROR] [CatalystSelenium.ExtensionClass.LoggerExtClass.LoggerExtensionClass] [LogException] -  Message Could not find element by: By.XPath: //div[@id='header4']/descendant::a[text()='File Status']
18:39:23,288 [ERROR] [CatalystSelenium.ExtensionClass.LoggerExtClass.LoggerExtensionClass] [LogException] -  StackTrace    at OpenQA.Selenium.Support.PageObjects.DefaultElementLocator.LocateElement(IEnumerable`1 bys)
   at OpenQA.Selenium.Support.PageObjects.WebElementProxy.get_Element()
   at OpenQA.Selenium.Support.PageObjects.WebElementProxy.Invoke(IMessage msg)
   at System.Runtime.Remoting.Proxies.RealProxy.PrivateInvoke(MessageData& msgData, Int32 type)
   at System.Object.ToString()
   at System.String.Concat(Object arg0, Object arg1)
   at CatalystSelenium.ComponentHelper.GenericHelper.WaitForElement(IWebElement element) in c:\Users\rsr\Documents\GitHub\CatalystSeleniumTest\CatalystSeleniumTest\ComponentHelper\GenericHelper.cs:line 152
   at CatalystSelenium.PageObject.HomePage.VerifyFiles() in c:\Users\rsr\Documents\GitHub\CatalystSeleniumTest\CatalystSeleniumTest\PageObject\HomePage.cs:line 504
   at CatalystSelenium.TestCases.CheckScreens.Module.FileManagement.FileStatus.UserFileLoader() in c:\Users\rsr\Documents\GitHub\CatalystSeleniumTest\CatalystSeleniumTest\TestCases\CheckScreens\Module\FileManagement\FileStatus.cs:line 20
18:39:23,288 [ERROR] [CatalystSelenium.ExtensionClass.LoggerExtClass.LoggerExtensionClass] [LogException] -  InnerException 
18:39:23,945 [INFO] [CatalystSelenium.ComponentHelper.GenericHelper] [TakeSceenShot] -  Screen Shot Taken Screenshot16-Jun-16-39.jpeg
18:39:25,326 [INFO] [CatalystSelenium.BaseClasses.InitializeWebDriver] [TearDown] - Stopping the Webdriver
18:42:01,624 [INFO] [CatalystSelenium.BaseClasses.InitializeWebDriver] [GetChromeOptions] - Using ChromeOptions
18:42:04,185 [INFO] [CatalystSelenium.BaseClasses.InitializeWebDriver] [InitWebdriver] -  Browser : Chrome
18:42:04,464 [INFO] [CatalystSelenium.ComponentHelper.GenericHelper] [WindowMaximize] -  Browser Window Maximize 
18:42:08,881 [INFO] [CatalystSelenium.ComponentHelper.GenericHelper] [IsElementPresentQuick] -  Checking for Element Quick By.Id: overridelink
18:42:10,939 [INFO] [CatalystSelenium.ComponentHelper.GenericHelper] [IsElementPresentQuick] -  Checking for Element Quick By.XPath: //div[@id='bergerModal']/following-sibling::div[position()=1]/descendant::span[position()=2]
18:42:12,967 [INFO] [CatalystSelenium.ComponentHelper.GenericHelper] [GetWebDriverWait] -  Wait Object Created 
18:42:12,968 [INFO] [CatalystSelenium.ComponentHelper.GenericHelper] [IsElementPresent] -  Waiting for Element By.XPath: //div[@class='loginWrapper']
18:42:19,161 [INFO] [CatalystSelenium.ComponentHelper.GenericHelper] [GetWebDriverWait] -  Wait Object Created 
18:42:19,162 [INFO] [CatalystSelenium.ComponentHelper.GenericHelper] [WaitForElement] -  Waiting for Element Exist By.CssSelector: .homeProgramsNav
18:42:19,183 [INFO] [CatalystSelenium.ComponentHelper.GenericHelper] [GetWebDriverWait] -  Wait Object Created 
18:42:19,183 [INFO] [CatalystSelenium.ComponentHelper.GenericHelper] [IsElementPresent] -  Waiting for Element By.CssSelector: .homeProgramsNav
18:42:19,203 [INFO] [CatalystSelenium.BaseClasses.LoginBaseClass.LoginBase] [.ctor] - Test Execution Started
18:42:46,573 [INFO] [CatalystSelenium.ComponentHelper.GenericHelper] [GetWebDriverWait] -  Wait Object Created 
18:42:48,664 [ERROR] [CatalystSelenium.ExtensionClass.LoggerExtClass.LoggerExtensionClass] [LogException] -  Message Could not find element by: By.XPath: //div[@id='header4']/descendant::a[text()='File Status']
18:42:48,665 [ERROR] [CatalystSelenium.ExtensionClass.LoggerExtClass.LoggerExtensionClass] [LogException] -  StackTrace    at OpenQA.Selenium.Support.PageObjects.DefaultElementLocator.LocateElement(IEnumerable`1 bys)
   at OpenQA.Selenium.Support.PageObjects.WebElementProxy.get_Element()
   at OpenQA.Selenium.Support.PageObjects.WebElementProxy.Invoke(IMessage msg)
   at System.Runtime.Remoting.Proxies.RealProxy.PrivateInvoke(MessageData& msgData, Int32 type)
   at System.Object.ToString()
   at System.String.Concat(Object arg0, Object arg1)
   at CatalystSelenium.ComponentHelper.GenericHelper.WaitForElement(IWebElement element) in c:\Users\rsr\Documents\GitHub\CatalystSeleniumTest\CatalystSeleniumTest\ComponentHelper\GenericHelper.cs:line 152
   at CatalystSelenium.PageObject.HomePage.VerifyFiles() in c:\Users\rsr\Documents\GitHub\CatalystSeleniumTest\CatalystSeleniumTest\PageObject\HomePage.cs:line 504
   at CatalystSelenium.TestCases.CheckScreens.Module.FileManagement.FileStatus.UserFileLoader() in c:\Users\rsr\Documents\GitHub\CatalystSeleniumTest\CatalystSeleniumTest\TestCases\CheckScreens\Module\FileManagement\FileStatus.cs:line 20
18:42:48,665 [ERROR] [CatalystSelenium.ExtensionClass.LoggerExtClass.LoggerExtensionClass] [LogException] -  InnerException 
18:42:49,281 [INFO] [CatalystSelenium.ComponentHelper.GenericHelper] [TakeSceenShot] -  Screen Shot Taken Screenshot16-Jun-16-42.jpeg
18:42:51,450 [INFO] [CatalystSelenium.BaseClasses.InitializeWebDriver] [TearDown] - Stopping the Webdriver
18:43:46,808 [INFO] [CatalystSelenium.BaseClasses.InitializeWebDriver] [GetPhantomJsDrvierService] - Using PhantomJSDriverService
18:43:48,637 [INFO] [CatalystSelenium.BaseClasses.InitializeWebDriver] [InitWebdriver] -  Browser : PhantomJs
18:43:48,652 [INFO] [CatalystSelenium.ComponentHelper.GenericHelper] [WindowMaximize] -  Browser Window Maximize 
18:43:52,887 [INFO] [CatalystSelenium.ComponentHelper.GenericHelper] [IsElementPresentQuick] -  Checking for Element Quick By.Id: overridelink
18:43:55,447 [INFO] [CatalystSelenium.ComponentHelper.JavaScriptExecutorHelper] [ExecuteScript] -  Executing Script window.scrollTo(0,463);
18:43:55,551 [INFO] [CatalystSelenium.ComponentHelper.JavaScriptExecutorHelper] [ScrollElementAndClick] -  Scroll Element And Click OpenQA.Selenium.Remote.RemoteWebElement
18:43:55,553 [INFO] [CatalystSelenium.ComponentHelper.GenericHelper] [GetWebDriverWait] -  Wait Object Created 
18:43:55,573 [INFO] [CatalystSelenium.ComponentHelper.GenericHelper] [WaitForElement] -  Waiting for Element to be Clickable OpenQA.Selenium.Remote.RemoteWebElement
18:43:55,791 [INFO] [CatalystSelenium.ComponentHelper.GenericHelper] [TakeSceenShot] -  Screen Shot Taken StageForgotUsername-10-43-54.jpeg
18:43:56,342 [INFO] [CatalystSelenium.ComponentHelper.JavaScriptExecutorHelper] [ExecuteScript] -  Executing Script window.scrollTo(0,209);
18:43:56,514 [INFO] [CatalystSelenium.ComponentHelper.JavaScriptExecutorHelper] [ScrollElementAndClick] -  Scroll Element And Click OpenQA.Selenium.Remote.RemoteWebElement
18:43:57,252 [INFO] [CatalystSelenium.ComponentHelper.JavaScriptExecutorHelper] [ExecuteScript] -  Executing Script window.scrollTo(0,423);
18:43:57,324 [INFO] [CatalystSelenium.ComponentHelper.JavaScriptExecutorHelper] [ScrollElementAndClick] -  Scroll Element And Click OpenQA.Selenium.Remote.RemoteWebElement
18:43:57,324 [INFO] [CatalystSelenium.ComponentHelper.GenericHelper] [GetWebDriverWait] -  Wait Object Created 
18:43:57,329 [INFO] [CatalystSelenium.ComponentHelper.GenericHelper] [WaitForElement] -  Waiting for Element to be Clickable OpenQA.Selenium.Remote.RemoteWebElement
18:43:57,542 [INFO] [CatalystSelenium.ComponentHelper.GenericHelper] [TakeSceenShot] -  Screen Shot Taken StageForgotPassword-10-43-56.jpeg
18:43:58,059 [INFO] [CatalystSelenium.ComponentHelper.JavaScriptExecutorHelper] [ExecuteScript] -  Executing Script window.scrollTo(0,202);
18:43:58,118 [INFO] [CatalystSelenium.ComponentHelper.JavaScriptExecutorHelper] [ScrollElementAndClick] -  Scroll Element And Click OpenQA.Selenium.Remote.RemoteWebElement
18:43:58,870 [INFO] [CatalystSelenium.ComponentHelper.JavaScriptExecutorHelper] [ExecuteScript] -  Executing Script window.scrollTo(0,421);
18:44:12,308 [INFO] [CatalystSelenium.BaseClasses.InitializeWebDriver] [TearDown] - Stopping the Webdriver
18:47:43,695 [INFO] [CatalystSelenium.BaseClasses.InitializeWebDriver] [GetChromeOptions] - Using ChromeOptions
18:47:46,076 [INFO] [CatalystSelenium.BaseClasses.InitializeWebDriver] [InitWebdriver] -  Browser : Chrome
18:47:46,395 [INFO] [CatalystSelenium.ComponentHelper.GenericHelper] [WindowMaximize] -  Browser Window Maximize 
18:47:50,328 [INFO] [CatalystSelenium.ComponentHelper.GenericHelper] [IsElementPresentQuick] -  Checking for Element Quick By.Id: overridelink
18:47:52,386 [INFO] [CatalystSelenium.ComponentHelper.GenericHelper] [IsElementPresentQuick] -  Checking for Element Quick By.XPath: //div[@id='bergerModal']/following-sibling::div[position()=1]/descendant::span[position()=2]
18:47:54,456 [INFO] [CatalystSelenium.ComponentHelper.GenericHelper] [GetWebDriverWait] -  Wait Object Created 
18:47:54,456 [INFO] [CatalystSelenium.ComponentHelper.GenericHelper] [IsElementPresent] -  Waiting for Element By.XPath: //div[@class='loginWrapper']
18:48:01,807 [INFO] [CatalystSelenium.ComponentHelper.GenericHelper] [GetWebDriverWait] -  Wait Object Created 
18:48:01,807 [INFO] [CatalystSelenium.ComponentHelper.GenericHelper] [WaitForElement] -  Waiting for Element Exist By.CssSelector: .homeProgramsNav
18:48:01,831 [INFO] [CatalystSelenium.ComponentHelper.GenericHelper] [GetWebDriverWait] -  Wait Object Created 
18:48:01,832 [INFO] [CatalystSelenium.ComponentHelper.GenericHelper] [IsElementPresent] -  Waiting for Element By.CssSelector: .homeProgramsNav
18:48:01,859 [INFO] [CatalystSelenium.BaseClasses.LoginBaseClass.LoginBase] [.ctor] - Test Execution Started
18:48:04,522 [ERROR] [CatalystSelenium.ExtensionClass.LoggerExtClass.LoggerExtensionClass] [LogException] -  Message Could not find element by: By.XPath: //a[contains(text(),'Forgot Password?')]
18:48:04,529 [ERROR] [CatalystSelenium.ExtensionClass.LoggerExtClass.LoggerExtensionClass] [LogException] -  StackTrace    at OpenQA.Selenium.Support.PageObjects.DefaultElementLocator.LocateElement(IEnumerable`1 bys)
   at OpenQA.Selenium.Support.PageObjects.WebElementProxy.get_Element()
   at OpenQA.Selenium.Support.PageObjects.WebElementProxy.Invoke(IMessage msg)
   at System.Runtime.Remoting.Proxies.RealProxy.PrivateInvoke(MessageData& msgData, Int32 type)
   at OpenQA.Selenium.IWebElement.get_Location()
   at CatalystSelenium.ComponentHelper.JavaScriptExecutorHelper.ScrollElementAndClick(IWebElement element) in c:\Users\rsr\Documents\GitHub\CatalystSeleniumTest\CatalystSeleniumTest\ComponentHelper\JavaScriptExecutorHelper.cs:line 26
   at CatalystSelenium.PageObject.LoginPage.ScreenShotofForgotLink(IWebElement element, String name) in c:\Users\rsr\Documents\GitHub\CatalystSeleniumTest\CatalystSeleniumTest\PageObject\LoginPage.cs:line 47
   at CatalystSelenium.PageObject.LoginPage.ScreenShotofForgotPassword(String name) in c:\Users\rsr\Documents\GitHub\CatalystSeleniumTest\CatalystSeleniumTest\PageObject\LoginPage.cs:line 75
   at CatalystSelenium.TestCases.CheckScreens.Module.ScreenShot.LoginPageScreenShot.LoginScrShot() in c:\Users\rsr\Documents\GitHub\CatalystSeleniumTest\CatalystSeleniumTest\TestCases\CheckScreens\Module\ScreenShot\LoginPageScreenShot.cs:line 19
18:48:04,530 [ERROR] [CatalystSelenium.ExtensionClass.LoggerExtClass.LoggerExtensionClass] [LogException] -  InnerException 
18:48:05,127 [INFO] [CatalystSelenium.ComponentHelper.GenericHelper] [TakeSceenShot] -  Screen Shot Taken Screenshot16-Jun-16-48.jpeg
18:48:18,345 [INFO] [CatalystSelenium.BaseClasses.InitializeWebDriver] [TearDown] - Stopping the Webdriver
18:48:46,634 [INFO] [CatalystSelenium.BaseClasses.InitializeWebDriver] [GetChromeOptions] - Using ChromeOptions
18:48:49,592 [INFO] [CatalystSelenium.BaseClasses.InitializeWebDriver] [InitWebdriver] -  Browser : Chrome
18:48:49,903 [INFO] [CatalystSelenium.ComponentHelper.GenericHelper] [WindowMaximize] -  Browser Window Maximize 
18:48:53,724 [INFO] [CatalystSelenium.ComponentHelper.GenericHelper] [IsElementPresentQuick] -  Checking for Element Quick By.Id: overridelink
18:48:56,403 [INFO] [CatalystSelenium.ComponentHelper.JavaScriptExecutorHelper] [ExecuteScript] -  Executing Script window.scrollTo(0,463);
18:48:56,581 [INFO] [CatalystSelenium.ComponentHelper.JavaScriptExecutorHelper] [ScrollElementAndClick] -  Scroll Element And Click OpenQA.Selenium.Remote.RemoteWebElement
18:48:56,584 [INFO] [CatalystSelenium.ComponentHelper.GenericHelper] [GetWebDriverWait] -  Wait Object Created 
18:48:56,617 [INFO] [CatalystSelenium.ComponentHelper.GenericHelper] [WaitForElement] -  Waiting for Element to be Clickable OpenQA.Selenium.Remote.RemoteWebElement
18:48:57,052 [INFO] [CatalystSelenium.ComponentHelper.GenericHelper] [TakeSceenShot] -  Screen Shot Taken StageForgotUsername-10-48-55.jpeg
18:48:57,568 [INFO] [CatalystSelenium.ComponentHelper.JavaScriptExecutorHelper] [ExecuteScript] -  Executing Script window.scrollTo(0,213);
18:48:57,626 [INFO] [CatalystSelenium.ComponentHelper.JavaScriptExecutorHelper] [ScrollElementAndClick] -  Scroll Element And Click OpenQA.Selenium.Remote.RemoteWebElement
18:48:58,389 [INFO] [CatalystSelenium.ComponentHelper.JavaScriptExecutorHelper] [ExecuteScript] -  Executing Script window.scrollTo(0,423);
18:48:58,610 [INFO] [CatalystSelenium.ComponentHelper.JavaScriptExecutorHelper] [ScrollElementAndClick] -  Scroll Element And Click OpenQA.Selenium.Remote.RemoteWebElement
18:48:58,611 [INFO] [CatalystSelenium.ComponentHelper.GenericHelper] [GetWebDriverWait] -  Wait Object Created 
18:48:58,626 [INFO] [CatalystSelenium.ComponentHelper.GenericHelper] [WaitForElement] -  Waiting for Element to be Clickable OpenQA.Selenium.Remote.RemoteWebElement
18:48:58,992 [INFO] [CatalystSelenium.ComponentHelper.GenericHelper] [TakeSceenShot] -  Screen Shot Taken StageForgotPassword-10-48-57.jpeg
18:48:59,508 [INFO] [CatalystSelenium.ComponentHelper.JavaScriptExecutorHelper] [ExecuteScript] -  Executing Script window.scrollTo(0,202);
18:48:59,572 [INFO] [CatalystSelenium.ComponentHelper.JavaScriptExecutorHelper] [ScrollElementAndClick] -  Scroll Element And Click OpenQA.Selenium.Remote.RemoteWebElement
18:50:15,992 [INFO] [CatalystSelenium.ComponentHelper.JavaScriptExecutorHelper] [ExecuteScript] -  Executing Script window.scrollTo(0,421);
18:50:49,254 [INFO] [CatalystSelenium.BaseClasses.InitializeWebDriver] [TearDown] - Stopping the Webdriver
18:53:30,561 [INFO] [CatalystSelenium.BaseClasses.InitializeWebDriver] [GetChromeOptions] - Using ChromeOptions
18:53:33,098 [INFO] [CatalystSelenium.BaseClasses.InitializeWebDriver] [InitWebdriver] -  Browser : Chrome
18:53:33,409 [INFO] [CatalystSelenium.ComponentHelper.GenericHelper] [WindowMaximize] -  Browser Window Maximize 
18:53:37,295 [INFO] [CatalystSelenium.ComponentHelper.GenericHelper] [IsElementPresentQuick] -  Checking for Element Quick By.Id: overridelink
18:53:39,389 [INFO] [CatalystSelenium.ComponentHelper.GenericHelper] [IsElementPresentQuick] -  Checking for Element Quick By.XPath: //div[@id='bergerModal']/following-sibling::div[position()=1]/descendant::span[position()=2]
18:53:41,456 [INFO] [CatalystSelenium.ComponentHelper.GenericHelper] [GetWebDriverWait] -  Wait Object Created 
18:53:41,457 [INFO] [CatalystSelenium.ComponentHelper.GenericHelper] [IsElementPresent] -  Waiting for Element By.XPath: //div[@class='loginWrapper']
18:53:49,016 [INFO] [CatalystSelenium.ComponentHelper.GenericHelper] [GetWebDriverWait] -  Wait Object Created 
18:53:49,017 [INFO] [CatalystSelenium.ComponentHelper.GenericHelper] [WaitForElement] -  Waiting for Element Exist By.CssSelector: .homeProgramsNav
18:53:49,099 [INFO] [CatalystSelenium.ComponentHelper.GenericHelper] [GetWebDriverWait] -  Wait Object Created 
18:53:49,100 [INFO] [CatalystSelenium.ComponentHelper.GenericHelper] [IsElementPresent] -  Waiting for Element By.CssSelector: .homeProgramsNav
18:53:49,138 [INFO] [CatalystSelenium.BaseClasses.LoginBaseClass.LoginBase] [.ctor] - Test Execution Started
18:53:49,141 [INFO] [CatalystSelenium.ComponentHelper.GenericHelper] [IsElementPresentQuick] -  Checking for Element Quick By.XPath: //div[@id='bergerModal']/following-sibling::div[position()=1]/descendant::span[position()=2]
18:53:49,155 [INFO] [CatalystSelenium.ComponentHelper.GenericHelper] [GetWebDriverWait] -  Wait Object Created 
18:53:49,155 [INFO] [CatalystSelenium.ComponentHelper.GenericHelper] [IsElementPresent] -  Waiting for Element By.XPath: //div[@id='bergerModal']/following-sibling::div[position()=1]/descendant::span[position()=2]
18:53:49,188 [INFO] [CatalystSelenium.ComponentHelper.GenericHelper] [GetWebDriverWait] -  Wait Object Created 
18:53:49,189 [INFO] [CatalystSelenium.ComponentHelper.GenericHelper] [WaitForElementClickAble] -  Waiting for Element to be Clickable OpenQA.Selenium.Remote.RemoteWebElement
18:53:49,727 [INFO] [CatalystSelenium.ComponentHelper.JavaScriptExecutorHelper] [ExecuteScript] -  Executing Script window.scrollTo(0,70);
18:53:49,780 [INFO] [CatalystSelenium.ComponentHelper.JavaScriptExecutorHelper] [ScrollElementAndClick] -  Scroll Element And Click OpenQA.Selenium.Remote.RemoteWebElement
18:53:49,780 [INFO] [CatalystSelenium.ComponentHelper.GenericHelper] [GetWebDriverWait] -  Wait Object Created 
18:53:49,780 [INFO] [CatalystSelenium.ComponentHelper.GenericHelper] [WaitForElement] -  Waiting for Element Exist By.XPath: //a[contains(text(),'Log Off')]
18:53:50,336 [INFO] [CatalystSelenium.ComponentHelper.JavaScriptExecutorHelper] [ExecuteScript] -  Executing Script window.scrollTo(0,142);
18:53:52,419 [INFO] [CatalystSelenium.ComponentHelper.JavaScriptExecutorHelper] [ScrollElementAndClick] -  Scroll Element And Click OpenQA.Selenium.Remote.RemoteWebElement
18:53:52,449 [ERROR] [CatalystSelenium.ComponentHelper.GenericHelper] [IsAlertPresent] -  [Ignore]    at OpenQA.Selenium.Remote.RemoteWebDriver.UnpackAndThrowOnError(Response errorResponse)
   at OpenQA.Selenium.Remote.RemoteWebDriver.Execute(String driverCommandToExecute, Dictionary`2 parameters)
   at OpenQA.Selenium.Remote.RemoteWebDriver.InternalExecute(String driverCommandToExecute, Dictionary`2 parameters)
   at OpenQA.Selenium.Remote.RemoteTargetLocator.Alert()
   at CatalystSelenium.ComponentHelper.GenericHelper.IsAlertPresent() in c:\Users\rsr\Documents\GitHub\CatalystSeleniumTest\CatalystSeleniumTest\ComponentHelper\GenericHelper.cs:line 187
18:53:52,449 [INFO] [CatalystSelenium.ComponentHelper.GenericHelper] [GetWebDriverWait] -  Wait Object Created 
18:53:52,449 [INFO] [CatalystSelenium.ComponentHelper.GenericHelper] [WaitForElement] -  Waiting for Element Exist By.XPath: //div[@class='loginWrapper']
18:53:53,053 [INFO] [CatalystSelenium.ComponentHelper.JavaScriptExecutorHelper] [ExecuteScript] -  Executing Script window.scrollTo(0,463);
18:53:53,421 [INFO] [CatalystSelenium.ComponentHelper.JavaScriptExecutorHelper] [ScrollElementAndClick] -  Scroll Element And Click OpenQA.Selenium.Remote.RemoteWebElement
18:53:53,422 [INFO] [CatalystSelenium.ComponentHelper.GenericHelper] [GetWebDriverWait] -  Wait Object Created 
18:53:53,443 [INFO] [CatalystSelenium.ComponentHelper.GenericHelper] [WaitForElement] -  Waiting for Element to be Clickable OpenQA.Selenium.Remote.RemoteWebElement
18:53:53,787 [INFO] [CatalystSelenium.ComponentHelper.GenericHelper] [TakeSceenShot] -  Screen Shot Taken StageForgotUsername-10-53-52.jpeg
18:53:54,303 [INFO] [CatalystSelenium.ComponentHelper.JavaScriptExecutorHelper] [ExecuteScript] -  Executing Script window.scrollTo(0,213);
18:53:54,369 [INFO] [CatalystSelenium.ComponentHelper.JavaScriptExecutorHelper] [ScrollElementAndClick] -  Scroll Element And Click OpenQA.Selenium.Remote.RemoteWebElement
18:53:55,093 [INFO] [CatalystSelenium.ComponentHelper.JavaScriptExecutorHelper] [ExecuteScript] -  Executing Script window.scrollTo(0,423);
18:53:55,181 [INFO] [CatalystSelenium.ComponentHelper.JavaScriptExecutorHelper] [ScrollElementAndClick] -  Scroll Element And Click OpenQA.Selenium.Remote.RemoteWebElement
18:53:55,181 [INFO] [CatalystSelenium.ComponentHelper.GenericHelper] [GetWebDriverWait] -  Wait Object Created 
18:53:55,192 [INFO] [CatalystSelenium.ComponentHelper.GenericHelper] [WaitForElement] -  Waiting for Element to be Clickable OpenQA.Selenium.Remote.RemoteWebElement
18:53:55,506 [INFO] [CatalystSelenium.ComponentHelper.GenericHelper] [TakeSceenShot] -  Screen Shot Taken StageForgotPassword-10-53-54.jpeg
18:53:56,058 [INFO] [CatalystSelenium.ComponentHelper.JavaScriptExecutorHelper] [ExecuteScript] -  Executing Script window.scrollTo(0,202);
18:53:56,213 [INFO] [CatalystSelenium.ComponentHelper.JavaScriptExecutorHelper] [ScrollElementAndClick] -  Scroll Element And Click OpenQA.Selenium.Remote.RemoteWebElement
18:55:14,079 [INFO] [CatalystSelenium.ComponentHelper.JavaScriptExecutorHelper] [ExecuteScript] -  Executing Script window.scrollTo(0,421);
18:55:51,357 [ERROR] [CatalystSelenium.ExtensionClass.LoggerExtClass.LoggerExtensionClass] [LogException] -  Message Could not find element by: By.XPath: //a[contains(text(),'Register')]
18:55:51,361 [ERROR] [CatalystSelenium.ExtensionClass.LoggerExtClass.LoggerExtensionClass] [LogException] -  StackTrace    at OpenQA.Selenium.Support.PageObjects.DefaultElementLocator.LocateElement(IEnumerable`1 bys)
   at OpenQA.Selenium.Support.PageObjects.WebElementProxy.get_Element()
   at OpenQA.Selenium.Support.PageObjects.WebElementProxy.Invoke(IMessage msg)
   at System.Runtime.Remoting.Proxies.RealProxy.PrivateInvoke(MessageData& msgData, Int32 type)
   at System.Object.ToString()
   at System.String.Concat(Object arg0, Object arg1)
   at CatalystSelenium.ComponentHelper.JavaScriptExecutorHelper.ScrollElementAndClick(IWebElement element) in c:\Users\rsr\Documents\GitHub\CatalystSeleniumTest\CatalystSeleniumTest\ComponentHelper\JavaScriptExecutorHelper.cs:line 28
   at CatalystSelenium.BaseClasses.PageBase.TakeScreenShotofPage(IWebElement element, String name) in c:\Users\rsr\Documents\GitHub\CatalystSeleniumTest\CatalystSeleniumTest\BaseClasses\PageBase.cs:line 43
   at CatalystSelenium.PageObject.LoginPage.ScreenShotofOpenReg(String name) in c:\Users\rsr\Documents\GitHub\CatalystSeleniumTest\CatalystSeleniumTest\PageObject\LoginPage.cs:line 80
   at CatalystSelenium.TestCases.CheckScreens.Module.ScreenShot.LoginPageScreenShot.LoginScrShot() in c:\Users\rsr\Documents\GitHub\CatalystSeleniumTest\CatalystSeleniumTest\TestCases\CheckScreens\Module\ScreenShot\LoginPageScreenShot.cs:line 21
18:55:51,362 [ERROR] [CatalystSelenium.ExtensionClass.LoggerExtClass.LoggerExtensionClass] [LogException] -  InnerException 
18:55:52,686 [INFO] [CatalystSelenium.ComponentHelper.GenericHelper] [TakeSceenShot] -  Screen Shot Taken Screenshot16-Jun-16-55.jpeg
18:55:55,218 [INFO] [CatalystSelenium.BaseClasses.InitializeWebDriver] [TearDown] - Stopping the Webdriver
18:57:08,755 [INFO] [CatalystSelenium.BaseClasses.InitializeWebDriver] [GetChromeOptions] - Using ChromeOptions
18:57:11,187 [INFO] [CatalystSelenium.BaseClasses.InitializeWebDriver] [InitWebdriver] -  Browser : Chrome
18:57:11,467 [INFO] [CatalystSelenium.ComponentHelper.GenericHelper] [WindowMaximize] -  Browser Window Maximize 
18:57:15,756 [INFO] [CatalystSelenium.ComponentHelper.GenericHelper] [IsElementPresentQuick] -  Checking for Element Quick By.Id: overridelink
18:57:17,802 [INFO] [CatalystSelenium.ComponentHelper.GenericHelper] [IsElementPresentQuick] -  Checking for Element Quick By.XPath: //div[@id='bergerModal']/following-sibling::div[position()=1]/descendant::span[position()=2]
18:57:19,849 [INFO] [CatalystSelenium.ComponentHelper.GenericHelper] [GetWebDriverWait] -  Wait Object Created 
18:57:19,850 [INFO] [CatalystSelenium.ComponentHelper.GenericHelper] [IsElementPresent] -  Waiting for Element By.XPath: //div[@class='loginWrapper']
18:57:26,558 [INFO] [CatalystSelenium.ComponentHelper.GenericHelper] [GetWebDriverWait] -  Wait Object Created 
18:57:26,559 [INFO] [CatalystSelenium.ComponentHelper.GenericHelper] [WaitForElement] -  Waiting for Element Exist By.CssSelector: .homeProgramsNav
18:57:26,583 [INFO] [CatalystSelenium.ComponentHelper.GenericHelper] [GetWebDriverWait] -  Wait Object Created 
18:57:26,583 [INFO] [CatalystSelenium.ComponentHelper.GenericHelper] [IsElementPresent] -  Waiting for Element By.CssSelector: .homeProgramsNav
18:57:26,604 [INFO] [CatalystSelenium.BaseClasses.LoginBaseClass.LoginBase] [.ctor] - Test Execution Started
18:57:26,606 [INFO] [CatalystSelenium.ComponentHelper.GenericHelper] [IsElementPresentQuick] -  Checking for Element Quick By.XPath: //div[@id='bergerModal']/following-sibling::div[position()=1]/descendant::span[position()=2]
18:57:26,616 [INFO] [CatalystSelenium.ComponentHelper.GenericHelper] [GetWebDriverWait] -  Wait Object Created 
18:57:26,616 [INFO] [CatalystSelenium.ComponentHelper.GenericHelper] [IsElementPresent] -  Waiting for Element By.XPath: //div[@id='bergerModal']/following-sibling::div[position()=1]/descendant::span[position()=2]
18:57:26,640 [INFO] [CatalystSelenium.ComponentHelper.GenericHelper] [GetWebDriverWait] -  Wait Object Created 
18:57:26,641 [INFO] [CatalystSelenium.ComponentHelper.GenericHelper] [WaitForElementClickAble] -  Waiting for Element to be Clickable OpenQA.Selenium.Remote.RemoteWebElement
18:57:34,428 [INFO] [CatalystSelenium.ComponentHelper.JavaScriptExecutorHelper] [ExecuteScript] -  Executing Script window.scrollTo(0,70);
18:57:36,246 [INFO] [CatalystSelenium.ComponentHelper.JavaScriptExecutorHelper] [ScrollElementAndClick] -  Scroll Element And Click OpenQA.Selenium.Remote.RemoteWebElement
18:57:40,596 [INFO] [CatalystSelenium.ComponentHelper.GenericHelper] [GetWebDriverWait] -  Wait Object Created 
18:57:40,597 [INFO] [CatalystSelenium.ComponentHelper.GenericHelper] [WaitForElement] -  Waiting for Element Exist By.XPath: //a[contains(text(),'Log Off')]
18:57:43,272 [INFO] [CatalystSelenium.ComponentHelper.JavaScriptExecutorHelper] [ExecuteScript] -  Executing Script window.scrollTo(0,142);
18:57:45,900 [INFO] [CatalystSelenium.ComponentHelper.JavaScriptExecutorHelper] [ScrollElementAndClick] -  Scroll Element And Click OpenQA.Selenium.Remote.RemoteWebElement
18:57:45,926 [ERROR] [CatalystSelenium.ComponentHelper.GenericHelper] [IsAlertPresent] -  [Ignore]    at OpenQA.Selenium.Remote.RemoteWebDriver.UnpackAndThrowOnError(Response errorResponse)
   at OpenQA.Selenium.Remote.RemoteWebDriver.Execute(String driverCommandToExecute, Dictionary`2 parameters)
   at OpenQA.Selenium.Remote.RemoteWebDriver.InternalExecute(String driverCommandToExecute, Dictionary`2 parameters)
   at OpenQA.Selenium.Remote.RemoteTargetLocator.Alert()
   at CatalystSelenium.ComponentHelper.GenericHelper.IsAlertPresent() in c:\Users\rsr\Documents\GitHub\CatalystSeleniumTest\CatalystSeleniumTest\ComponentHelper\GenericHelper.cs:line 187
18:57:45,926 [INFO] [CatalystSelenium.ComponentHelper.GenericHelper] [GetWebDriverWait] -  Wait Object Created 
18:57:45,926 [INFO] [CatalystSelenium.ComponentHelper.GenericHelper] [WaitForElement] -  Waiting for Element Exist By.XPath: //div[@class='loginWrapper']
18:57:52,353 [INFO] [CatalystSelenium.ComponentHelper.JavaScriptExecutorHelper] [ExecuteScript] -  Executing Script window.scrollTo(0,463);
18:57:57,904 [INFO] [CatalystSelenium.ComponentHelper.JavaScriptExecutorHelper] [ScrollElementAndClick] -  Scroll Element And Click OpenQA.Selenium.Remote.RemoteWebElement
18:57:57,905 [INFO] [CatalystSelenium.ComponentHelper.GenericHelper] [GetWebDriverWait] -  Wait Object Created 
18:57:57,974 [INFO] [CatalystSelenium.ComponentHelper.GenericHelper] [WaitForElement] -  Waiting for Element to be Clickable OpenQA.Selenium.Remote.RemoteWebElement
18:57:58,364 [INFO] [CatalystSelenium.ComponentHelper.GenericHelper] [TakeSceenShot] -  Screen Shot Taken StageForgotUsername-10-57-45.jpeg
18:57:59,579 [INFO] [CatalystSelenium.ComponentHelper.JavaScriptExecutorHelper] [ExecuteScript] -  Executing Script window.scrollTo(0,213);
18:57:59,661 [INFO] [CatalystSelenium.ComponentHelper.JavaScriptExecutorHelper] [ScrollElementAndClick] -  Scroll Element And Click OpenQA.Selenium.Remote.RemoteWebElement
18:58:01,641 [INFO] [CatalystSelenium.ComponentHelper.JavaScriptExecutorHelper] [ExecuteScript] -  Executing Script window.scrollTo(0,423);
18:58:01,751 [INFO] [CatalystSelenium.ComponentHelper.JavaScriptExecutorHelper] [ScrollElementAndClick] -  Scroll Element And Click OpenQA.Selenium.Remote.RemoteWebElement
18:58:01,753 [INFO] [CatalystSelenium.ComponentHelper.GenericHelper] [GetWebDriverWait] -  Wait Object Created 
18:58:01,791 [INFO] [CatalystSelenium.ComponentHelper.GenericHelper] [WaitForElement] -  Waiting for Element to be Clickable OpenQA.Selenium.Remote.RemoteWebElement
18:58:02,189 [INFO] [CatalystSelenium.ComponentHelper.GenericHelper] [TakeSceenShot] -  Screen Shot Taken StageForgotPassword-10-57-59.jpeg
18:58:02,900 [INFO] [CatalystSelenium.ComponentHelper.JavaScriptExecutorHelper] [ExecuteScript] -  Executing Script window.scrollTo(0,202);
18:58:02,967 [INFO] [CatalystSelenium.ComponentHelper.JavaScriptExecutorHelper] [ScrollElementAndClick] -  Scroll Element And Click OpenQA.Selenium.Remote.RemoteWebElement
18:58:18,018 [INFO] [CatalystSelenium.ComponentHelper.JavaScriptExecutorHelper] [ExecuteScript] -  Executing Script window.scrollTo(0,421);
18:59:13,999 [ERROR] [CatalystSelenium.ExtensionClass.LoggerExtClass.LoggerExtensionClass] [LogException] -  Message Could not find element by: By.XPath: //a[contains(text(),'Register')]
18:59:14,003 [ERROR] [CatalystSelenium.ExtensionClass.LoggerExtClass.LoggerExtensionClass] [LogException] -  StackTrace    at OpenQA.Selenium.Support.PageObjects.DefaultElementLocator.LocateElement(IEnumerable`1 bys)
   at OpenQA.Selenium.Support.PageObjects.WebElementProxy.get_Element()
   at OpenQA.Selenium.Support.PageObjects.WebElementProxy.Invoke(IMessage msg)
   at System.Runtime.Remoting.Proxies.RealProxy.PrivateInvoke(MessageData& msgData, Int32 type)
   at System.Object.ToString()
   at System.String.Concat(Object arg0, Object arg1)
   at CatalystSelenium.ComponentHelper.JavaScriptExecutorHelper.ScrollElementAndClick(IWebElement element) in c:\Users\rsr\Documents\GitHub\CatalystSeleniumTest\CatalystSeleniumTest\ComponentHelper\JavaScriptExecutorHelper.cs:line 28
   at CatalystSelenium.BaseClasses.PageBase.TakeScreenShotofPage(IWebElement element, String name) in c:\Users\rsr\Documents\GitHub\CatalystSeleniumTest\CatalystSeleniumTest\BaseClasses\PageBase.cs:line 43
   at CatalystSelenium.PageObject.LoginPage.ScreenShotofOpenReg(String name) in c:\Users\rsr\Documents\GitHub\CatalystSeleniumTest\CatalystSeleniumTest\PageObject\LoginPage.cs:line 80
   at CatalystSelenium.TestCases.CheckScreens.Module.ScreenShot.LoginPageScreenShot.LoginScrShot() in c:\Users\rsr\Documents\GitHub\CatalystSeleniumTest\CatalystSeleniumTest\TestCases\CheckScreens\Module\ScreenShot\LoginPageScreenShot.cs:line 21
18:59:14,003 [ERROR] [CatalystSelenium.ExtensionClass.LoggerExtClass.LoggerExtensionClass] [LogException] -  InnerException 
18:59:15,299 [INFO] [CatalystSelenium.ComponentHelper.GenericHelper] [TakeSceenShot] -  Screen Shot Taken Screenshot16-Jun-16-59.jpeg
18:59:16,739 [INFO] [CatalystSelenium.BaseClasses.InitializeWebDriver] [TearDown] - Stopping the Webdriver
18:59:38,485 [INFO] [CatalystSelenium.BaseClasses.InitializeWebDriver] [GetChromeOptions] - Using ChromeOptions
18:59:41,017 [INFO] [CatalystSelenium.BaseClasses.InitializeWebDriver] [InitWebdriver] -  Browser : Chrome
18:59:41,310 [INFO] [CatalystSelenium.ComponentHelper.GenericHelper] [WindowMaximize] -  Browser Window Maximize 
18:59:45,449 [INFO] [CatalystSelenium.ComponentHelper.GenericHelper] [IsElementPresentQuick] -  Checking for Element Quick By.Id: overridelink
18:59:47,500 [INFO] [CatalystSelenium.ComponentHelper.GenericHelper] [IsElementPresentQuick] -  Checking for Element Quick By.XPath: //div[@id='bergerModal']/following-sibling::div[position()=1]/descendant::span[position()=2]
18:59:49,547 [INFO] [CatalystSelenium.ComponentHelper.GenericHelper] [GetWebDriverWait] -  Wait Object Created 
18:59:49,548 [INFO] [CatalystSelenium.ComponentHelper.GenericHelper] [IsElementPresent] -  Waiting for Element By.XPath: //div[@class='loginWrapper']
18:59:56,435 [INFO] [CatalystSelenium.ComponentHelper.GenericHelper] [GetWebDriverWait] -  Wait Object Created 
18:59:56,436 [INFO] [CatalystSelenium.ComponentHelper.GenericHelper] [WaitForElement] -  Waiting for Element Exist By.CssSelector: .homeProgramsNav
18:59:56,458 [INFO] [CatalystSelenium.ComponentHelper.GenericHelper] [GetWebDriverWait] -  Wait Object Created 
18:59:56,459 [INFO] [CatalystSelenium.ComponentHelper.GenericHelper] [IsElementPresent] -  Waiting for Element By.CssSelector: .homeProgramsNav
18:59:56,485 [INFO] [CatalystSelenium.BaseClasses.LoginBaseClass.LoginBase] [.ctor] - Test Execution Started
18:59:56,487 [INFO] [CatalystSelenium.ComponentHelper.GenericHelper] [IsElementPresentQuick] -  Checking for Element Quick By.XPath: //div[@id='bergerModal']/following-sibling::div[position()=1]/descendant::span[position()=2]
18:59:56,498 [INFO] [CatalystSelenium.ComponentHelper.GenericHelper] [GetWebDriverWait] -  Wait Object Created 
18:59:56,498 [INFO] [CatalystSelenium.ComponentHelper.GenericHelper] [IsElementPresent] -  Waiting for Element By.XPath: //div[@id='bergerModal']/following-sibling::div[position()=1]/descendant::span[position()=2]
18:59:56,523 [INFO] [CatalystSelenium.ComponentHelper.GenericHelper] [GetWebDriverWait] -  Wait Object Created 
18:59:56,524 [INFO] [CatalystSelenium.ComponentHelper.GenericHelper] [WaitForElementClickAble] -  Waiting for Element to be Clickable OpenQA.Selenium.Remote.RemoteWebElement
18:59:57,064 [INFO] [CatalystSelenium.ComponentHelper.JavaScriptExecutorHelper] [ExecuteScript] -  Executing Script window.scrollTo(0,70);
18:59:57,160 [INFO] [CatalystSelenium.ComponentHelper.JavaScriptExecutorHelper] [ScrollElementAndClick] -  Scroll Element And Click OpenQA.Selenium.Remote.RemoteWebElement
18:59:57,161 [INFO] [CatalystSelenium.ComponentHelper.GenericHelper] [GetWebDriverWait] -  Wait Object Created 
18:59:57,161 [INFO] [CatalystSelenium.ComponentHelper.GenericHelper] [WaitForElement] -  Waiting for Element Exist By.XPath: //a[contains(text(),'Log Off')]
18:59:57,752 [INFO] [CatalystSelenium.ComponentHelper.JavaScriptExecutorHelper] [ExecuteScript] -  Executing Script window.scrollTo(0,142);
18:59:59,599 [INFO] [CatalystSelenium.ComponentHelper.JavaScriptExecutorHelper] [ScrollElementAndClick] -  Scroll Element And Click OpenQA.Selenium.Remote.RemoteWebElement
18:59:59,627 [ERROR] [CatalystSelenium.ComponentHelper.GenericHelper] [IsAlertPresent] -  [Ignore]    at OpenQA.Selenium.Remote.RemoteWebDriver.UnpackAndThrowOnError(Response errorResponse)
   at OpenQA.Selenium.Remote.RemoteWebDriver.Execute(String driverCommandToExecute, Dictionary`2 parameters)
   at OpenQA.Selenium.Remote.RemoteWebDriver.InternalExecute(String driverCommandToExecute, Dictionary`2 parameters)
   at OpenQA.Selenium.Remote.RemoteTargetLocator.Alert()
   at CatalystSelenium.ComponentHelper.GenericHelper.IsAlertPresent() in c:\Users\rsr\Documents\GitHub\CatalystSeleniumTest\CatalystSeleniumTest\ComponentHelper\GenericHelper.cs:line 187
18:59:59,627 [INFO] [CatalystSelenium.ComponentHelper.GenericHelper] [GetWebDriverWait] -  Wait Object Created 
18:59:59,627 [INFO] [CatalystSelenium.ComponentHelper.GenericHelper] [WaitForElement] -  Waiting for Element Exist By.XPath: //div[@class='loginWrapper']
19:00:00,202 [INFO] [CatalystSelenium.ComponentHelper.JavaScriptExecutorHelper] [ExecuteScript] -  Executing Script window.scrollTo(0,463);
19:00:00,359 [INFO] [CatalystSelenium.ComponentHelper.JavaScriptExecutorHelper] [ScrollElementAndClick] -  Scroll Element And Click OpenQA.Selenium.Remote.RemoteWebElement
19:00:00,360 [INFO] [CatalystSelenium.ComponentHelper.GenericHelper] [GetWebDriverWait] -  Wait Object Created 
19:00:00,379 [INFO] [CatalystSelenium.ComponentHelper.GenericHelper] [WaitForElement] -  Waiting for Element to be Clickable OpenQA.Selenium.Remote.RemoteWebElement
19:00:00,730 [INFO] [CatalystSelenium.ComponentHelper.GenericHelper] [TakeSceenShot] -  Screen Shot Taken StageForgotUsername-10-59-59.jpeg
19:00:01,245 [INFO] [CatalystSelenium.ComponentHelper.JavaScriptExecutorHelper] [ExecuteScript] -  Executing Script window.scrollTo(0,213);
19:00:01,317 [INFO] [CatalystSelenium.ComponentHelper.JavaScriptExecutorHelper] [ScrollElementAndClick] -  Scroll Element And Click OpenQA.Selenium.Remote.RemoteWebElement
19:00:02,043 [INFO] [CatalystSelenium.ComponentHelper.JavaScriptExecutorHelper] [ExecuteScript] -  Executing Script window.scrollTo(0,423);
19:00:02,117 [INFO] [CatalystSelenium.ComponentHelper.JavaScriptExecutorHelper] [ScrollElementAndClick] -  Scroll Element And Click OpenQA.Selenium.Remote.RemoteWebElement
19:00:02,117 [INFO] [CatalystSelenium.ComponentHelper.GenericHelper] [GetWebDriverWait] -  Wait Object Created 
19:00:02,129 [INFO] [CatalystSelenium.ComponentHelper.GenericHelper] [WaitForElement] -  Waiting for Element to be Clickable OpenQA.Selenium.Remote.RemoteWebElement
19:00:02,451 [INFO] [CatalystSelenium.ComponentHelper.GenericHelper] [TakeSceenShot] -  Screen Shot Taken StageForgotPassword-11-00-01.jpeg
19:00:03,003 [INFO] [CatalystSelenium.ComponentHelper.JavaScriptExecutorHelper] [ExecuteScript] -  Executing Script window.scrollTo(0,202);
19:00:03,154 [INFO] [CatalystSelenium.ComponentHelper.JavaScriptExecutorHelper] [ScrollElementAndClick] -  Scroll Element And Click OpenQA.Selenium.Remote.RemoteWebElement
19:00:26,802 [INFO] [CatalystSelenium.ComponentHelper.JavaScriptExecutorHelper] [ExecuteScript] -  Executing Script window.scrollTo(0,421);
19:00:43,933 [ERROR] [CatalystSelenium.ExtensionClass.LoggerExtClass.LoggerExtensionClass] [LogException] -  Message Could not find element by: By.XPath: //a[contains(text(),'Register')]
19:00:43,936 [ERROR] [CatalystSelenium.ExtensionClass.LoggerExtClass.LoggerExtensionClass] [LogException] -  StackTrace    at OpenQA.Selenium.Support.PageObjects.DefaultElementLocator.LocateElement(IEnumerable`1 bys)
   at OpenQA.Selenium.Support.PageObjects.WebElementProxy.get_Element()
   at OpenQA.Selenium.Support.PageObjects.WebElementProxy.Invoke(IMessage msg)
   at System.Runtime.Remoting.Proxies.RealProxy.PrivateInvoke(MessageData& msgData, Int32 type)
   at System.Object.ToString()
   at System.String.Concat(Object arg0, Object arg1)
   at CatalystSelenium.ComponentHelper.JavaScriptExecutorHelper.ScrollElementAndClick(IWebElement element) in c:\Users\rsr\Documents\GitHub\CatalystSeleniumTest\CatalystSeleniumTest\ComponentHelper\JavaScriptExecutorHelper.cs:line 28
   at CatalystSelenium.BaseClasses.PageBase.TakeScreenShotofPage(IWebElement element, String name) in c:\Users\rsr\Documents\GitHub\CatalystSeleniumTest\CatalystSeleniumTest\BaseClasses\PageBase.cs:line 43
   at CatalystSelenium.PageObject.LoginPage.ScreenShotofOpenReg(String name) in c:\Users\rsr\Documents\GitHub\CatalystSeleniumTest\CatalystSeleniumTest\PageObject\LoginPage.cs:line 80
   at CatalystSelenium.TestCases.CheckScreens.Module.ScreenShot.LoginPageScreenShot.LoginScrShot() in c:\Users\rsr\Documents\GitHub\CatalystSeleniumTest\CatalystSeleniumTest\TestCases\CheckScreens\Module\ScreenShot\LoginPageScreenShot.cs:line 21
19:00:43,937 [ERROR] [CatalystSelenium.ExtensionClass.LoggerExtClass.LoggerExtensionClass] [LogException] -  InnerException 
19:00:44,246 [INFO] [CatalystSelenium.ComponentHelper.GenericHelper] [TakeSceenShot] -  Screen Shot Taken Screenshot16-Jun-16-00.jpeg
19:00:51,528 [INFO] [CatalystSelenium.BaseClasses.InitializeWebDriver] [TearDown] - Stopping the Webdriver
19:02:47,986 [INFO] [CatalystSelenium.BaseClasses.InitializeWebDriver] [GetChromeOptions] - Using ChromeOptions
19:02:51,002 [INFO] [CatalystSelenium.BaseClasses.InitializeWebDriver] [InitWebdriver] -  Browser : Chrome
19:02:51,314 [INFO] [CatalystSelenium.ComponentHelper.GenericHelper] [WindowMaximize] -  Browser Window Maximize 
19:02:55,769 [INFO] [CatalystSelenium.ComponentHelper.GenericHelper] [IsElementPresentQuick] -  Checking for Element Quick By.Id: overridelink
19:02:57,841 [INFO] [CatalystSelenium.ComponentHelper.GenericHelper] [IsElementPresentQuick] -  Checking for Element Quick By.XPath: //div[@id='bergerModal']/following-sibling::div[position()=1]/descendant::span[position()=2]
19:02:59,867 [INFO] [CatalystSelenium.ComponentHelper.GenericHelper] [GetWebDriverWait] -  Wait Object Created 
19:02:59,868 [INFO] [CatalystSelenium.ComponentHelper.GenericHelper] [IsElementPresent] -  Waiting for Element By.XPath: //div[@class='loginWrapper']
19:03:06,719 [INFO] [CatalystSelenium.ComponentHelper.GenericHelper] [GetWebDriverWait] -  Wait Object Created 
19:03:06,719 [INFO] [CatalystSelenium.ComponentHelper.GenericHelper] [WaitForElement] -  Waiting for Element Exist By.CssSelector: .homeProgramsNav
19:03:06,764 [INFO] [CatalystSelenium.ComponentHelper.GenericHelper] [GetWebDriverWait] -  Wait Object Created 
19:03:06,764 [INFO] [CatalystSelenium.ComponentHelper.GenericHelper] [IsElementPresent] -  Waiting for Element By.CssSelector: .homeProgramsNav
19:03:06,797 [INFO] [CatalystSelenium.BaseClasses.LoginBaseClass.LoginBase] [.ctor] - Test Execution Started
19:03:06,801 [INFO] [CatalystSelenium.ComponentHelper.GenericHelper] [IsElementPresentQuick] -  Checking for Element Quick By.XPath: //div[@id='bergerModal']/following-sibling::div[position()=1]/descendant::span[position()=2]
19:03:06,817 [INFO] [CatalystSelenium.ComponentHelper.GenericHelper] [GetWebDriverWait] -  Wait Object Created 
19:03:06,817 [INFO] [CatalystSelenium.ComponentHelper.GenericHelper] [IsElementPresent] -  Waiting for Element By.XPath: //div[@id='bergerModal']/following-sibling::div[position()=1]/descendant::span[position()=2]
19:03:06,852 [INFO] [CatalystSelenium.ComponentHelper.GenericHelper] [GetWebDriverWait] -  Wait Object Created 
19:03:06,852 [INFO] [CatalystSelenium.ComponentHelper.GenericHelper] [WaitForElementClickAble] -  Waiting for Element to be Clickable OpenQA.Selenium.Remote.RemoteWebElement
19:03:07,396 [INFO] [CatalystSelenium.ComponentHelper.JavaScriptExecutorHelper] [ExecuteScript] -  Executing Script window.scrollTo(0,70);
19:03:07,527 [INFO] [CatalystSelenium.ComponentHelper.JavaScriptExecutorHelper] [ScrollElementAndClick] -  Scroll Element And Click OpenQA.Selenium.Remote.RemoteWebElement
19:03:07,528 [INFO] [CatalystSelenium.ComponentHelper.GenericHelper] [GetWebDriverWait] -  Wait Object Created 
19:03:07,529 [INFO] [CatalystSelenium.ComponentHelper.GenericHelper] [WaitForElement] -  Waiting for Element Exist By.XPath: //a[contains(text(),'Log Off')]
19:03:08,093 [INFO] [CatalystSelenium.ComponentHelper.JavaScriptExecutorHelper] [ExecuteScript] -  Executing Script window.scrollTo(0,142);
19:03:10,042 [INFO] [CatalystSelenium.ComponentHelper.JavaScriptExecutorHelper] [ScrollElementAndClick] -  Scroll Element And Click OpenQA.Selenium.Remote.RemoteWebElement
19:03:10,069 [ERROR] [CatalystSelenium.ComponentHelper.GenericHelper] [IsAlertPresent] -  [Ignore]    at OpenQA.Selenium.Remote.RemoteWebDriver.UnpackAndThrowOnError(Response errorResponse)
   at OpenQA.Selenium.Remote.RemoteWebDriver.Execute(String driverCommandToExecute, Dictionary`2 parameters)
   at OpenQA.Selenium.Remote.RemoteWebDriver.InternalExecute(String driverCommandToExecute, Dictionary`2 parameters)
   at OpenQA.Selenium.Remote.RemoteTargetLocator.Alert()
   at CatalystSelenium.ComponentHelper.GenericHelper.IsAlertPresent() in c:\Users\rsr\Documents\GitHub\CatalystSeleniumTest\CatalystSeleniumTest\ComponentHelper\GenericHelper.cs:line 187
19:03:10,069 [INFO] [CatalystSelenium.ComponentHelper.GenericHelper] [GetWebDriverWait] -  Wait Object Created 
19:03:10,069 [INFO] [CatalystSelenium.ComponentHelper.GenericHelper] [WaitForElement] -  Waiting for Element Exist By.XPath: //div[@class='loginWrapper']
19:03:10,742 [INFO] [CatalystSelenium.ComponentHelper.JavaScriptExecutorHelper] [ExecuteScript] -  Executing Script window.scrollTo(0,463);
19:03:10,868 [INFO] [CatalystSelenium.ComponentHelper.JavaScriptExecutorHelper] [ScrollElementAndClick] -  Scroll Element And Click OpenQA.Selenium.Remote.RemoteWebElement
19:03:10,869 [INFO] [CatalystSelenium.ComponentHelper.GenericHelper] [GetWebDriverWait] -  Wait Object Created 
19:03:10,953 [INFO] [CatalystSelenium.ComponentHelper.GenericHelper] [WaitForElement] -  Waiting for Element to be Clickable OpenQA.Selenium.Remote.RemoteWebElement
19:03:11,287 [INFO] [CatalystSelenium.ComponentHelper.GenericHelper] [TakeSceenShot] -  Screen Shot Taken StageForgotUsername-11-03-10.jpeg
19:03:11,808 [INFO] [CatalystSelenium.ComponentHelper.JavaScriptExecutorHelper] [ExecuteScript] -  Executing Script window.scrollTo(0,213);
19:03:11,858 [INFO] [CatalystSelenium.ComponentHelper.JavaScriptExecutorHelper] [ScrollElementAndClick] -  Scroll Element And Click OpenQA.Selenium.Remote.RemoteWebElement
19:03:12,598 [INFO] [CatalystSelenium.ComponentHelper.JavaScriptExecutorHelper] [ExecuteScript] -  Executing Script window.scrollTo(0,423);
19:03:12,651 [INFO] [CatalystSelenium.ComponentHelper.JavaScriptExecutorHelper] [ScrollElementAndClick] -  Scroll Element And Click OpenQA.Selenium.Remote.RemoteWebElement
19:03:12,652 [INFO] [CatalystSelenium.ComponentHelper.GenericHelper] [GetWebDriverWait] -  Wait Object Created 
19:03:12,684 [INFO] [CatalystSelenium.ComponentHelper.GenericHelper] [WaitForElement] -  Waiting for Element to be Clickable OpenQA.Selenium.Remote.RemoteWebElement
19:03:12,986 [INFO] [CatalystSelenium.ComponentHelper.GenericHelper] [TakeSceenShot] -  Screen Shot Taken StageForgotPassword-11-03-12.jpeg
19:03:13,569 [INFO] [CatalystSelenium.ComponentHelper.JavaScriptExecutorHelper] [ExecuteScript] -  Executing Script window.scrollTo(0,202);
19:03:13,698 [INFO] [CatalystSelenium.ComponentHelper.JavaScriptExecutorHelper] [ScrollElementAndClick] -  Scroll Element And Click OpenQA.Selenium.Remote.RemoteWebElement
19:03:31,785 [INFO] [CatalystSelenium.ComponentHelper.JavaScriptExecutorHelper] [ExecuteScript] -  Executing Script window.scrollTo(0,421);
19:03:36,455 [INFO] [CatalystSelenium.ComponentHelper.JavaScriptExecutorHelper] [ScrollElementAndClick] -  Scroll Element And Click OpenQA.Selenium.Remote.RemoteWebElement
19:03:38,580 [INFO] [CatalystSelenium.ComponentHelper.GenericHelper] [WaitForLoadingMask] -  Setting the  Implicitly Wait to 1 Second 
19:03:38,582 [INFO] [CatalystSelenium.ComponentHelper.GenericHelper] [GetWebDriverWait] -  Wait Object Created 
19:03:38,582 [INFO] [CatalystSelenium.ComponentHelper.GenericHelper] [WaitForLoadingMask] -  Waiting for Loading Mask 
19:03:38,657 [INFO] [CatalystSelenium.ComponentHelper.GenericHelper] [WaitForLoadingMask] -  Setting the  Implicitly Wait to Configured Value 
19:03:38,990 [INFO] [CatalystSelenium.ComponentHelper.GenericHelper] [TakeSceenShot] -  Screen Shot Taken StageOpenRegister-11-03-13.jpeg
19:03:40,088 [INFO] [CatalystSelenium.ComponentHelper.BrowserHelper] [GoBack] -  Browser Back Button Clicked 
19:03:40,092 [INFO] [CatalystSelenium.ComponentHelper.GenericHelper] [WaitForLoadingMask] -  Setting the  Implicitly Wait to 1 Second 
19:03:40,092 [INFO] [CatalystSelenium.ComponentHelper.GenericHelper] [GetWebDriverWait] -  Wait Object Created 
19:03:40,092 [INFO] [CatalystSelenium.ComponentHelper.GenericHelper] [WaitForLoadingMask] -  Waiting for Loading Mask 
19:03:40,142 [INFO] [CatalystSelenium.ComponentHelper.GenericHelper] [WaitForLoadingMask] -  Setting the  Implicitly Wait to Configured Value 
19:03:40,474 [INFO] [CatalystSelenium.BaseClasses.InitializeWebDriver] [TearDown] - Stopping the Webdriver
